aMap_Android_API_3DMap_Demo_V310_Location_API_V20/build/outputs/logs/manifest-merger-debug-report.txt
-- Merging decision tree log ---
manifest
ADDED from src/main/AndroidManifest.xml:2:1-189:12
	package
		ADDED from src/main/AndroidManifest.xml:3:5-34
		INJECTED from src/main/AndroidManifest.xml
		INJECTED from src/main/AndroidManifest.xml
	android:versionName
		ADDED from src/main/AndroidManifest.xml:5:5-30
	android:versionCode
		ADDED from src/main/AndroidManifest.xml:4:5-28
		INJECTED from src/main/AndroidManifest.xml
		INJECTED from src/main/AndroidManifest.xml
	xmlns:android
		ADDED from src/main/AndroidManifest.xml:2:11-69
uses-sdk
ADDED from src/main/AndroidManifest.xml:7:5-9:41
	android:targetSdkVersion
		ADDED from src/main/AndroidManifest.xml:9:9-38
		INJECTED from src/main/AndroidManifest.xml
		INJECTED from src/main/AndroidManifest.xml
	android:minSdkVersion
		ADDED from src/main/AndroidManifest.xml:8:9-34
		INJECTED from src/main/AndroidManifest.xml
		INJECTED from src/main/AndroidManifest.xml
uses-permission#android.permission.INTERNET
ADDED from src/main/AndroidManifest.xml:11:5-67
	android:name
		ADDED from src/main/AndroidManifest.xml:11:22-64
uses-permission#android.permission.WRITE_EXTERNAL_STORAGE
ADDED from src/main/AndroidManifest.xml:12:5-81
	android:name
		ADDED from src/main/AndroidManifest.xml:12:22-78
uses-permission#android.permission.ACCESS_COARSE_LOCATION
ADDED from src/main/AndroidManifest.xml:13:5-81
	android:name
		ADDED from src/main/AndroidManifest.xml:13:22-78
uses-permission#android.permission.ACCESS_NETWORK_STATE
ADDED from src/main/AndroidManifest.xml:14:5-79
	android:name
		ADDED from src/main/AndroidManifest.xml:14:22-76
uses-permission#android.permission.ACCESS_FINE_LOCATION
ADDED from src/main/AndroidManifest.xml:15:5-79
	android:name
		ADDED from src/main/AndroidManifest.xml:15:22-76
uses-permission#android.permission.READ_PHONE_STATE
ADDED from src/main/AndroidManifest.xml:16:5-75
	android:name
		ADDED from src/main/AndroidManifest.xml:16:22-72
uses-permission#android.permission.CHANGE_WIFI_STATE
ADDED from src/main/AndroidManifest.xml:17:5-76
	android:name
		ADDED from src/main/AndroidManifest.xml:17:22-73
uses-permission#android.permission.ACCESS_WIFI_STATE
ADDED from src/main/AndroidManifest.xml:18:5-76
	android:name
		ADDED from src/main/AndroidManifest.xml:18:22-73
uses-permission#android.permission.CHANGE_CONFIGURATION
ADDED from src/main/AndroidManifest.xml:19:5-79
	android:name
		ADDED from src/main/AndroidManifest.xml:19:22-76
uses-permission#android.permission.WAKE_LOCK
ADDED from src/main/AndroidManifest.xml:20:5-68
	android:name
		ADDED from src/main/AndroidManifest.xml:20:22-65
uses-permission#android.permission.WRITE_SETTINGS
ADDED from src/main/AndroidManifest.xml:23:5-73
	android:name
		ADDED from src/main/AndroidManifest.xml:23:22-70
application
ADDED from src/main/AndroidManifest.xml:25:5-187:19
	android:label
		ADDED from src/main/AndroidManifest.xml:27:9-43
	android:icon
		ADDED from src/main/AndroidManifest.xml:26:9-45
meta-data#com.amap.api.v2.apikey
ADDED from src/main/AndroidManifest.xml:28:9-30:64
	android:value
		ADDED from src/main/AndroidManifest.xml:30:13-61
	android:name
		ADDED from src/main/AndroidManifest.xml:29:13-50
activity#com.amap.map3d.demo.MainActivity
ADDED from src/main/AndroidManifest.xml:43:9-49:20
	android:name
		ADDED from src/main/AndroidManifest.xml:43:19-66
intent-filter#android.intent.action.MAIN+android.intent.category.LAUNCHER
ADDED from src/main/AndroidManifest.xml:44:13-48:29
action#android.intent.action.MAIN
ADDED from src/main/AndroidManifest.xml:45:17-69
	android:name
		ADDED from src/main/AndroidManifest.xml:45:25-66
category#android.intent.category.LAUNCHER
ADDED from src/main/AndroidManifest.xml:47:17-77
	android:name
		ADDED from src/main/AndroidManifest.xml:47:27-74
activity#com.amap.map3d.demo.basic.BasicMapActivity
ADDED from src/main/AndroidManifest.xml:50:9-53:52
	android:screenOrientation
		ADDED from src/main/AndroidManifest.xml:53:13-49
	android:label
		ADDED from src/main/AndroidManifest.xml:52:13-46
	android:name
		ADDED from src/main/AndroidManifest.xml:51:13-51
activity#com.amap.map3d.demo.basic.BaseMapFragmentActivity
ADDED from src/main/AndroidManifest.xml:54:9-57:52
	android:screenOrientation
		ADDED from src/main/AndroidManifest.xml:57:13-49
	android:label
		ADDED from src/main/AndroidManifest.xml:56:13-46
	android:name
		ADDED from src/main/AndroidManifest.xml:55:13-58
activity#com.amap.map3d.demo.basic.CameraActivity
ADDED from src/main/AndroidManifest.xml:58:9-61:52
	android:screenOrientation
		ADDED from src/main/AndroidManifest.xml:61:13-49
	android:label
		ADDED from src/main/AndroidManifest.xml:60:13-48
	android:name
		ADDED from src/main/AndroidManifest.xml:59:13-68
activity#com.amap.map3d.demo.basic.HeatMapActivity
ADDED from src/main/AndroidManifest.xml:62:9-65:52
	android:screenOrientation
		ADDED from src/main/AndroidManifest.xml:65:13-49
	android:label
		ADDED from src/main/AndroidManifest.xml:64:13-49
	android:name
		ADDED from src/main/AndroidManifest.xml:63:13-69
activity#com.amap.map3d.demo.basic.EventsActivity
ADDED from src/main/AndroidManifest.xml:66:9-69:52
	android:screenOrientation
		ADDED from src/main/AndroidManifest.xml:69:13-49
	android:label
		ADDED from src/main/AndroidManifest.xml:68:13-48
	android:name
		ADDED from src/main/AndroidManifest.xml:67:13-68
activity#com.amap.map3d.demo.basic.LayersActivity
ADDED from src/main/AndroidManifest.xml:70:9-73:52
	android:screenOrientation
		ADDED from src/main/AndroidManifest.xml:73:13-49
	android:label
		ADDED from src/main/AndroidManifest.xml:72:13-48
	android:name
		ADDED from src/main/AndroidManifest.xml:71:13-68
activity#com.amap.map3d.demo.basic.PoiClickActivity
ADDED from src/main/AndroidManifest.xml:74:9-77:52
	android:screenOrientation
		ADDED from src/main/AndroidManifest.xml:77:13-49
	android:label
		ADDED from src/main/AndroidManifest.xml:76:13-50
	android:name
		ADDED from src/main/AndroidManifest.xml:75:13-70
activity#com.amap.map3d.demo.basic.MapOptionActivity
ADDED from src/main/AndroidManifest.xml:78:9-81:52
	android:screenOrientation
		ADDED from src/main/AndroidManifest.xml:81:13-49
	android:label
		ADDED from src/main/AndroidManifest.xml:80:13-51
	android:name
		ADDED from src/main/AndroidManifest.xml:79:13-71
activity#com.amap.map3d.demo.basic.ScreenShotActivity
ADDED from src/main/AndroidManifest.xml:82:9-85:52
	android:screenOrientation
		ADDED from src/main/AndroidManifest.xml:85:13-49
	android:label
		ADDED from src/main/AndroidManifest.xml:84:13-52
	android:name
		ADDED from src/main/AndroidManifest.xml:83:13-72
activity#com.amap.map3d.demo.basic.OpenglActivity
ADDED from src/main/AndroidManifest.xml:86:9-89:52
	android:screenOrientation
		ADDED from src/main/AndroidManifest.xml:89:13-49
	android:label
		ADDED from src/main/AndroidManifest.xml:88:13-48
	android:name
		ADDED from src/main/AndroidManifest.xml:87:13-68
activity#com.amap.map3d.demo.basic.UiSettingsActivity
ADDED from src/main/AndroidManifest.xml:90:9-93:52
	android:screenOrientation
		ADDED from src/main/AndroidManifest.xml:93:13-49
	android:label
		ADDED from src/main/AndroidManifest.xml:92:13-52
	android:name
		ADDED from src/main/AndroidManifest.xml:91:13-72
activity#com.amap.map3d.demo.overlay.MarkerActivity
ADDED from src/main/AndroidManifest.xml:94:9-97:52
	android:screenOrientation
		ADDED from src/main/AndroidManifest.xml:97:13-49
	android:label
		ADDED from src/main/AndroidManifest.xml:96:13-48
	android:name
		ADDED from src/main/AndroidManifest.xml:95:13-70
activity#com.amap.map3d.demo.overlay.PolylineActivity
ADDED from src/main/AndroidManifest.xml:98:9-101:52
	android:screenOrientation
		ADDED from src/main/AndroidManifest.xml:101:13-49
	android:label
		ADDED from src/main/AndroidManifest.xml:100:13-50
	android:name
		ADDED from src/main/AndroidManifest.xml:99:13-72
activity#com.amap.map3d.demo.overlay.ArcActivity
ADDED from src/main/AndroidManifest.xml:102:9-105:52
	android:screenOrientation
		ADDED from src/main/AndroidManifest.xml:105:13-49
	android:label
		ADDED from src/main/AndroidManifest.xml:104:13-45
	android:name
		ADDED from src/main/AndroidManifest.xml:103:13-67
activity#com.amap.map3d.demo.overlay.GroundOverlayActivity
ADDED from src/main/AndroidManifest.xml:106:9-109:52
	android:screenOrientation
		ADDED from src/main/AndroidManifest.xml:109:13-49
	android:label
		ADDED from src/main/AndroidManifest.xml:108:13-55
	android:name
		ADDED from src/main/AndroidManifest.xml:107:13-77
activity#com.amap.map3d.demo.overlay.PolygonActivity
ADDED from src/main/AndroidManifest.xml:110:9-113:52
	android:screenOrientation
		ADDED from src/main/AndroidManifest.xml:113:13-49
	android:label
		ADDED from src/main/AndroidManifest.xml:112:13-49
	android:name
		ADDED from src/main/AndroidManifest.xml:111:13-71
activity#com.amap.map3d.demo.overlay.CircleActivity
ADDED from src/main/AndroidManifest.xml:114:9-117:52
	android:screenOrientation
		ADDED from src/main/AndroidManifest.xml:117:13-49
	android:label
		ADDED from src/main/AndroidManifest.xml:116:13-48
	android:name
		ADDED from src/main/AndroidManifest.xml:115:13-70
activity#com.amap.map3d.demo.overlay.NavigateArrowOverlayActivity
ADDED from src/main/AndroidManifest.xml:118:9-121:52
	android:screenOrientation
		ADDED from src/main/AndroidManifest.xml:121:13-49
	android:label
		ADDED from src/main/AndroidManifest.xml:120:13-55
	android:name
		ADDED from src/main/AndroidManifest.xml:119:13-84
activity#com.amap.map3d.demo.location.LocationModeSourceActivity
ADDED from src/main/AndroidManifest.xml:122:9-125:52
	android:screenOrientation
		ADDED from src/main/AndroidManifest.xml:125:13-49
	android:label
		ADDED from src/main/AndroidManifest.xml:124:13-60
	android:name
		ADDED from src/main/AndroidManifest.xml:123:13-83
activity#com.amap.map3d.demo.location.LocationNetworkActivity
ADDED from src/main/AndroidManifest.xml:126:9-129:52
	android:screenOrientation
		ADDED from src/main/AndroidManifest.xml:129:13-49
	android:label
		ADDED from src/main/AndroidManifest.xml:128:13-57
	android:name
		ADDED from src/main/AndroidManifest.xml:127:13-80
activity#com.amap.map3d.demo.geocoder.GeocoderActivity
ADDED from src/main/AndroidManifest.xml:130:9-133:52
	android:screenOrientation
		ADDED from src/main/AndroidManifest.xml:133:13-49
	android:label
		ADDED from src/main/AndroidManifest.xml:132:13-50
	android:name
		ADDED from src/main/AndroidManifest.xml:131:13-73
activity#com.amap.map3d.demo.route.RouteActivity
ADDED from src/main/AndroidManifest.xml:134:9-137:52
	android:screenOrientation
		ADDED from src/main/AndroidManifest.xml:137:13-49
	android:label
		ADDED from src/main/AndroidManifest.xml:136:13-47
	android:name
		ADDED from src/main/AndroidManifest.xml:135:13-67
activity#com.amap.map3d.demo.busline.BuslineActivity
ADDED from src/main/AndroidManifest.xml:138:9-141:52
	android:screenOrientation
		ADDED from src/main/AndroidManifest.xml:141:13-49
	android:label
		ADDED from src/main/AndroidManifest.xml:140:13-49
	android:name
		ADDED from src/main/AndroidManifest.xml:139:13-71
activity#com.amap.map3d.demo.poisearch.PoiKeywordSearchActivity
ADDED from src/main/AndroidManifest.xml:142:9-145:52
	android:screenOrientation
		ADDED from src/main/AndroidManifest.xml:145:13-49
	android:label
		ADDED from src/main/AndroidManifest.xml:144:13-58
	android:name
		ADDED from src/main/AndroidManifest.xml:143:13-82
activity#com.amap.map3d.demo.poisearch.PoiAroundSearchActivity
ADDED from src/main/AndroidManifest.xml:146:9-149:52
	android:screenOrientation
		ADDED from src/main/AndroidManifest.xml:149:13-49
	android:label
		ADDED from src/main/AndroidManifest.xml:148:13-57
	android:name
		ADDED from src/main/AndroidManifest.xml:147:13-81
activity#com.amap.map3d.demo.offlinemap.OfflineMapActivity
ADDED from src/main/AndroidManifest.xml:150:9-153:52
	android:screenOrientation
		ADDED from src/main/AndroidManifest.xml:153:13-49
	android:label
		ADDED from src/main/AndroidManifest.xml:152:13-52
	android:name
		ADDED from src/main/AndroidManifest.xml:151:13-77
activity#com.amap.map3d.demo.district.DistrictActivity
ADDED from src/main/AndroidManifest.xml:154:9-157:52
	android:screenOrientation
		ADDED from src/main/AndroidManifest.xml:157:13-49
	android:label
		ADDED from src/main/AndroidManifest.xml:156:13-50
	android:name
		ADDED from src/main/AndroidManifest.xml:155:13-73
activity#com.amap.map3d.demo.district.DistrictWithBoundaryActivity
ADDED from src/main/AndroidManifest.xml:158:9-161:52
	android:screenOrientation
		ADDED from src/main/AndroidManifest.xml:161:13-49
	android:label
		ADDED from src/main/AndroidManifest.xml:160:13-59
	android:name
		ADDED from src/main/AndroidManifest.xml:159:13-85
activity#com.amap.map3d.demo.cloud.CloudActivity
ADDED from src/main/AndroidManifest.xml:162:9-165:52
	android:screenOrientation
		ADDED from src/main/AndroidManifest.xml:165:13-49
	android:label
		ADDED from src/main/AndroidManifest.xml:164:13-47
	android:name
		ADDED from src/main/AndroidManifest.xml:163:13-48
activity#com.amap.map3d.demo.cloud.CloudDetailActivity
ADDED from src/main/AndroidManifest.xml:166:9-168:52
	android:screenOrientation
		ADDED from src/main/AndroidManifest.xml:168:13-49
	android:name
		ADDED from src/main/AndroidManifest.xml:167:13-54
activity#com.amap.map3d.demo.cloud.PreviewPhotoActivity
ADDED from src/main/AndroidManifest.xml:169:9-171:52
	android:screenOrientation
		ADDED from src/main/AndroidManifest.xml:171:13-49
	android:name
		ADDED from src/main/AndroidManifest.xml:170:13-55
activity#com.amap.map3d.demo.share.ShareActivity
ADDED from src/main/AndroidManifest.xml:172:9-175:52
	android:screenOrientation
		ADDED from src/main/AndroidManifest.xml:175:13-49
	android:label
		ADDED from src/main/AndroidManifest.xml:174:13-47
	android:name
		ADDED from src/main/AndroidManifest.xml:173:13-48
activity#com.amap.map3d.demo.weather.WeatherSearchActivity
ADDED from src/main/AndroidManifest.xml:176:9-179:52
	android:screenOrientation
		ADDED from src/main/AndroidManifest.xml:179:13-49
	android:label
		ADDED from src/main/AndroidManifest.xml:178:13-49
	android:name
		ADDED from src/main/AndroidManifest.xml:177:13-58
activity#com.amap.map3d.demo.poisearch.SubPoiSearchActivity
ADDED from src/main/AndroidManifest.xml:180:10-182:52
	android:screenOrientation
		ADDED from src/main/AndroidManifest.xml:182:13-49
	android:label
		ADDED from src/main/AndroidManifest.xml:181:13-48
	android:name
		ADDED from src/main/AndroidManifest.xml:180:20-66
service#com.amap.api.location.APSService
ADDED from src/main/AndroidManifest.xml:185:9-186:19
	android:name
		ADDED from src/main/AndroidManifest.xml:185:18-65